Arguments: 
  /Users/rauno/.nvm/versions/node/v9.0.0/bin/node /usr/local/bin/yarn i

PATH: 
  /Users/rauno/.nvm/versions/node/v9.0.0/bin:/Library/Frameworks/Python.framework/Versions/3.6/bin:/usr/local/bin:/usr/bin:/bin:/usr/sbin:/sbin:/usr/local/go/bin:/usr/local/MacGPG2/bin

Yarn version: 
  1.5.0

Node version: 
  9.0.0

Platform: 
  darwin x64

npm manifest: 
  {
    "name": "loading-demo",
    "dependencies": {
      "parcel-bundler": "^1.8.1"
    },
    "devDependencies": {
      "babel-preset-env": "^1.7.0",
      "babel-preset-react": "^6.24.1"
    },
    "scripts": {
      "start": "parcel serve src/index.html",
      "build": "parcel build src/index.html"
    }
  }

yarn manifest: 
  No manifest

Lockfile: 
  No lockfile

Trace: 
  Error: Command "i" not found.
      at new MessageError (/usr/local/lib/node_modules/yarn/lib/cli.js:186:110)
      at /usr/local/lib/node_modules/yarn/lib/cli.js:87307:17
      at Generator.next (<anonymous>)
      at step (/usr/local/lib/node_modules/yarn/lib/cli.js:98:30)
      at /usr/local/lib/node_modules/yarn/lib/cli.js:116:14
      at new Promise (<anonymous>)
      at new F (/usr/local/lib/node_modules/yarn/lib/cli.js:23451:28)
      at /usr/local/lib/node_modules/yarn/lib/cli.js:95:12
      at runCommand (/usr/local/lib/node_modules/yarn/lib/cli.js:87312:22)
      at Object.<anonymous> (/usr/local/lib/node_modules/yarn/lib/cli.js:87412:14)
